2025-10-15 23:34:15 WARN  o.s.w.s.m.m.a.RequestMappingHandlerMapping - Multiple @RequestMapping annotations found on public org.springframework.http.ResponseEntity srangeldev.funkoapi.controllers.FunkoController.getAll(), but only the first will be used: [@org.springframework.web.bind.annotation.RequestMapping(consumes={}, headers={}, method={}, name="", params={}, path={"/", ""}, produces={}, value={"/", ""}), @org.springframework.web.bind.annotation.GetMapping(consumes={}, headers={}, name="", params={}, path={}, produces={}, value={})]
2025-10-15 23:34:15 WARN  o.s.b.w.s.c.AnnotationConfigServletWebServerApplicationContext - Exception encountered during context initialization - cancelling refresh attempt: org.springframework.context.ApplicationContextException: Failed to start bean 'webServerStartStop'
2025-10-15 23:34:15 ERROR o.s.b.d.LoggingFailureAnalysisReporter - 

***************************
APPLICATION FAILED TO START
***************************

Description:

Web server failed to start. Port 8080 was already in use.

Action:

Identify and stop the process that's listening on port 8080 or configure this application to listen on another port.

2025-10-15 23:34:20 WARN  o.s.w.s.m.m.a.RequestMappingHandlerMapping - Multiple @RequestMapping annotations found on public org.springframework.http.ResponseEntity srangeldev.funkoapi.controllers.FunkoController.getAll(), but only the first will be used: [@org.springframework.web.bind.annotation.RequestMapping(consumes={}, headers={}, method={}, name="", params={}, path={"/", ""}, produces={}, value={"/", ""}), @org.springframework.web.bind.annotation.GetMapping(consumes={}, headers={}, name="", params={}, path={}, produces={}, value={})]
2025-10-15 23:38:01 WARN  o.s.w.s.m.s.DefaultHandlerExceptionResolver - Resolved [org.springframework.http.converter.HttpMessageNotReadableException: JSON parse error: Cannot deserialize value of type `srangeldev.funkoapi.dto.FunkoCreateDTO` from Array value (token `JsonToken.START_ARRAY`)]
2025-10-15 23:40:28 WARN  o.s.w.s.m.s.DefaultHandlerExceptionResolver - Resolved [org.springframework.http.converter.HttpMessageNotReadableException: JSON parse error: Cannot deserialize value of type `srangeldev.funkoapi.dto.FunkoCreateDTO` from Array value (token `JsonToken.START_ARRAY`)]
2025-10-15 23:40:48 WARN  o.s.w.s.m.s.DefaultHandlerExceptionResolver - Resolved [org.springframework.http.converter.HttpMessageNotReadableException: JSON parse error: Cannot deserialize value of type `srangeldev.funkoapi.models.enums.Categoria` from String "MARVEL": not one of the values accepted for Enum class: [DEPORTES, OTROS, SERIES, COMICS, PELICULAS, MUSICA, VIDEOJUEGOS]]
2025-10-15 23:40:49 WARN  o.s.w.s.m.s.DefaultHandlerExceptionResolver - Resolved [org.springframework.http.converter.HttpMessageNotReadableException: JSON parse error: Cannot deserialize value of type `srangeldev.funkoapi.models.enums.Categoria` from String "MARVEL": not one of the values accepted for Enum class: [DEPORTES, OTROS, SERIES, COMICS, PELICULAS, MUSICA, VIDEOJUEGOS]]
2025-10-15 23:40:50 WARN  o.s.w.s.m.s.DefaultHandlerExceptionResolver - Resolved [org.springframework.http.converter.HttpMessageNotReadableException: JSON parse error: Cannot deserialize value of type `srangeldev.funkoapi.models.enums.Categoria` from String "MARVEL": not one of the values accepted for Enum class: [DEPORTES, OTROS, SERIES, COMICS, PELICULAS, MUSICA, VIDEOJUEGOS]]
2025-10-15 23:40:51 WARN  o.s.w.s.m.s.DefaultHandlerExceptionResolver - Resolved [org.springframework.http.converter.HttpMessageNotReadableException: JSON parse error: Cannot deserialize value of type `srangeldev.funkoapi.models.enums.Categoria` from String "MARVEL": not one of the values accepted for Enum class: [DEPORTES, OTROS, SERIES, COMICS, PELICULAS, MUSICA, VIDEOJUEGOS]]
2025-10-15 23:41:06 WARN  o.s.w.s.m.s.DefaultHandlerExceptionResolver - Resolved [org.springframework.http.converter.HttpMessageNotReadableException: JSON parse error: Cannot deserialize value of type `srangeldev.funkoapi.models.enums.Categoria` from String "MARVEL": not one of the values accepted for Enum class: [DEPORTES, OTROS, SERIES, COMICS, PELICULAS, MUSICA, VIDEOJUEGOS]]
2025-10-15 23:44:34 WARN  o.s.w.s.m.m.a.RequestMappingHandlerMapping - Multiple @RequestMapping annotations found on public org.springframework.http.ResponseEntity srangeldev.funkoapi.controllers.FunkoController.getAll(), but only the first will be used: [@org.springframework.web.bind.annotation.RequestMapping(consumes={}, headers={}, method={}, name="", params={}, path={"/", ""}, produces={}, value={"/", ""}), @org.springframework.web.bind.annotation.GetMapping(consumes={}, headers={}, name="", params={}, path={}, produces={}, value={})]
2025-10-15 23:44:39 WARN  o.s.w.s.m.m.a.RequestMappingHandlerMapping - Multiple @RequestMapping annotations found on public org.springframework.http.ResponseEntity srangeldev.funkoapi.controllers.FunkoController.getAll(), but only the first will be used: [@org.springframework.web.bind.annotation.RequestMapping(consumes={}, headers={}, method={}, name="", params={}, path={"/", ""}, produces={}, value={"/", ""}), @org.springframework.web.bind.annotation.GetMapping(consumes={}, headers={}, name="", params={}, path={}, produces={}, value={})]
2025-10-15 23:54:23 WARN  o.s.w.s.m.m.a.RequestMappingHandlerMapping - Multiple @RequestMapping annotations found on public org.springframework.http.ResponseEntity srangeldev.funkoapi.controllers.FunkoController.getAll(), but only the first will be used: [@org.springframework.web.bind.annotation.RequestMapping(consumes={}, headers={}, method={}, name="", params={}, path={"/", ""}, produces={}, value={"/", ""}), @org.springframework.web.bind.annotation.GetMapping(consumes={}, headers={}, name="", params={}, path={}, produces={}, value={})]
